<?xml version="1.0" encoding="UTF-8"?>


<beans:beans xmlns="http://www.springframework.org/schema/security"
             xmlns:beans="http://www.springframework.org/schema/beans"
             xmlns:xsi="http://www.w3.org/2001/XMLSchema-instance"
             xsi:schemaLocation="http://www.springframework.org/schema/beans
                    http://www.springframework.org/schema/beans/spring-beans.xsd
                    http://www.springframework.org/schema/security
                    http://www.springframework.org/schema/security/spring-security.xsd">


    <!--<http use-expressions="true">-->
    <!--<intercept-url pattern="/**" access="permitAll" />-->
    <!--<form-login />-->
    <!--</http>-->

    <global-method-security secured-annotations="enabled"/>

    <authentication-manager alias="authenticationManager">

        <authentication-provider>
            <user-service>
                <user name="mike" password="123" authorities="ROLE_FD_ADMIN,ROLE_FD_USER"/>
                <user name="sally" password="123" authorities="ROLE_FD_ADMIN,ROLE_FD_USER"/>
                <user name="harry" password="123" authorities="ROLE_FD_USER"/>
                <user name="mark" password="123" authorities="ROLE_FD_USER"/>
                <user name="batch" password="123" authorities="ROLE_FD_USER"/>
            </user-service>
        </authentication-provider>
    </authentication-manager>

    <beans:bean id="userProfileService"
                class="org.flockdata.authentication.simple.SimpleUser" />


</beans:beans>